<?xml version="1.0" encoding="UTF-8"?>
<!-- Generated by org.testng.reporters.JUnitXMLReporter -->
<testsuite hostname="imrans-MBP" ignored="0" name="Test" tests="4" failures="0" timestamp="2020-06-08T18:07:05 EEST" time="5.235" errors="0">
  <testcase name="AddPet" time="2.446" classname="test.PetSmokeTest"/>
  <testcase name="UpdatePet" time="0.917" classname="test.PetSmokeTest"/>
  <testcase name="GetPet" time="0.944" classname="test.PetSmokeTest"/>
  <testcase name="DeletePet" time="0.905" classname="test.PetSmokeTest"/>
</testsuite> <!-- Test -->
